current directory: /home/aareyan/AareyanManzoor.github.io/_vendor/ruby/3.0.0/gems/eventmachine-1.2.7/ext
/usr/bin/ruby3.0 -I /usr/lib/ruby/vendor_ruby -r ./siteconf20221207-513-uvooxi.rb extconf.rb
checking for -lcrypto... no
checking for openssl/ssl.h... no
checking for rb_trap_immediate in ruby.h,rubysig.h... no
checking for rb_thread_blocking_region()... no
checking for rb_thread_call_without_gvl() in ruby/thread.h... yes
checking for rb_thread_fd_select()... yes
checking for rb_fdset_t in ruby/intern.h... yes
checking for rb_wait_for_single_fd()... yes
checking for rb_enable_interrupt()... no
checking for rb_time_new()... yes
checking for inotify_init() in sys/inotify.h... yes
checking for writev() in sys/uio.h... yes
checking for pipe2() in unistd.h... yes
checking for accept4() in sys/socket.h... yes
checking for SOCK_CLOEXEC in sys/socket.h... yes
checking for sys/event.h... no
checking for epoll_create() in sys/epoll.h... yes
checking for clock_gettime()... yes
checking for CLOCK_MONOTONIC_RAW in time.h... yes
checking for CLOCK_MONOTONIC in time.h... yes
CXXFLAGS=-g -O2 -ffile-prefix-map=/build/ruby3.0-W371Hm/ruby3.0-3.0.2=. -fstack-protector-strong -Wformat -Werror=format-security
creating Makefile

current directory: /home/aareyan/AareyanManzoor.github.io/_vendor/ruby/3.0.0/gems/eventmachine-1.2.7/ext
make DESTDIR\= clean

current directory: /home/aareyan/AareyanManzoor.github.io/_vendor/ruby/3.0.0/gems/eventmachine-1.2.7/ext
make DESTDIR\=
compiling binder.cpp
make: x86_64-linux-gnu-g++: No such file or directory
make: *** [Makefile:237: binder.o] Error 127

make failed, exit code 2
